2020-04-23 01:39:57,929 - MainProcess[MainThread]- BrowserManager       - INFO    : BROWSER 1: Launching browser...
2020-04-23 01:39:57,932 - MainProcess[MainThread]- BrowserManager       - DEBUG   : BROWSER 1: Spawn attempt 0 
2020-04-23 01:39:57,941 - MainProcess[MainThread]- deploy_firefox       - DEBUG   : BROWSER 1: Saved extension config file to: /tmp/tmppb3xi4do/browser_params.json
2020-04-23 01:40:01,600 - MainProcess[MainThread]- deploy_firefox       - DEBUG   : BROWSER 1: OpenWPM Firefox extension loaded
2020-04-23 01:40:01,604 - MainProcess[MainThread]- BrowserManager       - DEBUG   : BROWSER 1: Looking for extension port information in /tmp/rust_mozprofileDFLyDg/
2020-04-23 01:40:01,610 - MainProcess[Thread-1  ]- FirefoxExtension     - DEBUG   : Navigation instrumentation enabled
2020-04-23 01:40:01,615 - MainProcess[Thread-1  ]- FirefoxExtension     - DEBUG   : Cookie instrumentation enabled
2020-04-23 01:40:01,617 - MainProcess[Thread-1  ]- FirefoxExtension     - DEBUG   : Javascript instrumentation enabled
2020-04-23 01:40:01,629 - MainProcess[Thread-1  ]- FirefoxExtension     - DEBUG   : HTTP Instrumentation enabled
2020-04-23 01:40:01,641 - MainProcess[Thread-1  ]- FirefoxExtension     - DEBUG   : Callstack Instrumentation enabled
2020-04-23 01:40:01,705 - MainProcess[MainThread]- BrowserManager       - DEBUG   : BROWSER 1: Connecting to extension on port 46309
2020-04-23 01:40:01,705 - MainProcess[MainThread]- BrowserManager       - DEBUG   : BROWSER 1: BrowserManager ready.
2020-04-23 01:40:01,706 - MainProcess[MainThread]- BrowserManager       - DEBUG   : BROWSER 1: Browser spawn sucessful!
2020-04-23 01:40:01,820 - MainProcess[MainThread]- TaskManager          - INFO    : 

OpenWPM Version: b'@openwpm/webext-instrumentation@0.4.0-386-g5a67ce8'
Firefox Version: b'72.0.2'

========== Manager Configuration ==========
{
  "aggregator_address": [
    "127.0.0.1",
    45697
  ],
  "data_directory": "/home/ubuntu/4-22-exp1/",
  "database_name": "/home/ubuntu/4-22-exp1/crawl-data.sqlite",
  "failure_limit": null,
  "log_directory": "/home/ubuntu/4-22-exp1/",
  "log_file": "/home/ubuntu/4-22-exp1/openwpm.log",
  "logger_address": [
    "127.0.0.1",
    40243
  ],
  "num_browsers": 1,
  "output_format": "local",
  "s3_bucket": null,
  "s3_directory": null,
  "screenshot_path": "/home/ubuntu/4-22-exp1/screenshots",
  "source_dump_path": "/home/ubuntu/4-22-exp1/sources",
  "testing": false
}

========== Browser Configuration ==========
Keys:
{
  "crawl_id": 0,
  "adblock-plus": 1,
  "bot_mitigation": 2,
  "browser": 3,
  "callstack_instrument": 4,
  "cookie_instrument": 5,
  "disable_flash": 6,
  "disconnect": 7,
  "donottrack": 8,
  "extension_enabled": 9,
  "ghostery": 10,
  "headless": 11,
  "http_instrument": 12,
  "https-everywhere": 13,
  "js_instrument": 14,
  "js_instrument_modules": 15,
  "navigation_instrument": 16,
  "prefs": 17,
  "random_attributes": 18,
  "save_content": 19,
  "save_javascript": 20,
  "tp_cookies": 21,
  "tracking-protection": 22,
  "ublock-origin": 23
}

  0  1      2      3        4     5     6      7      8      9     10     11    12    13     14    15              16    17    18     19      20    21      22     23
---  -----  -----  -------  ----  ----  -----  -----  -----  ----  -----  ----  ----  -----  ----  --------------  ----  ----  -----  ------  ----  ------  -----  -----
  1  False  False  firefox  True  True  False  False  False  True  False  True  True  False  True  fingerprinting  True  {}    False  script  True  always  False  False

========== Input profile tar files ==========
  No profile tar files specified

========== Output (archive) profile dirs ==========
  No profile archive directories specified


2020-04-23 01:40:02,936 - MainProcess[MainThread]- TaskManager          - DEBUG   : Checking command failure status indicator...
2020-04-23 01:40:02,937 - MainProcess[Thread-6  ]- TaskManager          - WARNING : BROWSER 1: Browser will not reset after CommandSequence executes. OpenWPM does not currently support stateful crawls (see: https://github.com/mozilla/OpenWPM/projects/2). The next command issued to this browser may or may not use the same profile (depending on the failure status of this command). To prevent this warning, initialize the CommandSequence with `reset` set to `True` to use a fresh profile for each command.
2020-04-23 01:40:02,935 - MainProcess[MainThread]- BaseAggregator       - DEBUG   : Status update; current record queue size: 0. current number of threads: 5.
2020-04-23 01:40:02,940 - MainProcess[MainThread]- BrowserManager       - INFO    : BROWSER 1: EXECUTING COMMAND: ('BROWSE', 'https://www.nytimes.com', 4, 20, 1)
2020-04-23 01:40:03,014 - MainProcess[Thread-1  ]- FirefoxExtension     - DEBUG   : Visit Id: 1
2020-04-23 01:40:08,056 - MainProcess[MainThread]- BaseAggregator       - DEBUG   : Status update; current record queue size: 162. current number of threads: 5.
2020-04-23 01:40:13,473 - MainProcess[MainThread]- BaseAggregator       - DEBUG   : Status update; current record queue size: 192. current number of threads: 5.
2020-04-23 01:40:18,590 - MainProcess[MainThread]- BaseAggregator       - DEBUG   : Status update; current record queue size: 0. current number of threads: 5.
2020-04-23 01:40:23,618 - MainProcess[MainThread]- BaseAggregator       - DEBUG   : Status update; current record queue size: 0. current number of threads: 5.
2020-04-23 01:40:28,640 - MainProcess[MainThread]- BaseAggregator       - DEBUG   : Status update; current record queue size: 0. current number of threads: 5.
2020-04-23 01:40:31,441 - MainProcess[MainThread]- browser_commands     - INFO    : BROWSER 1: visiting internal link https://www.nytimes.com/video
2020-04-23 01:40:33,700 - MainProcess[MainThread]- BaseAggregator       - DEBUG   : Status update; current record queue size: 81. current number of threads: 5.
2020-04-23 01:40:38,802 - MainProcess[MainThread]- BaseAggregator       - DEBUG   : Status update; current record queue size: 149. current number of threads: 5.
2020-04-23 01:40:44,076 - MainProcess[MainThread]- BaseAggregator       - DEBUG   : Status update; current record queue size: 13. current number of threads: 5.
2020-04-23 01:40:49,103 - MainProcess[MainThread]- BaseAggregator       - DEBUG   : Status update; current record queue size: 13. current number of threads: 5.
2020-04-23 01:40:54,125 - MainProcess[MainThread]- BaseAggregator       - DEBUG   : Status update; current record queue size: 13. current number of threads: 5.
2020-04-23 01:40:59,204 - MainProcess[MainThread]- BaseAggregator       - DEBUG   : Status update; current record queue size: 121. current number of threads: 5.
2020-04-23 01:41:04,325 - MainProcess[MainThread]- BaseAggregator       - DEBUG   : Status update; current record queue size: 0. current number of threads: 5.
2020-04-23 01:41:06,502 - MainProcess[MainThread]- browser_commands     - INFO    : BROWSER 1: visiting internal link https://www.nytimes.com/2020/04/22/business/stock-market-tracker-live-coronavirus.html?type=styln-live-updates&label=markets&index=1&action=click&module=Spotlight&pgtype=Homepage#link-7cb229d0
2020-04-23 01:41:09,400 - MainProcess[MainThread]- BaseAggregator       - DEBUG   : Status update; current record queue size: 74. current number of threads: 5.
2020-04-23 01:41:14,462 - MainProcess[MainThread]- BaseAggregator       - DEBUG   : Status update; current record queue size: 195. current number of threads: 5.
2020-04-23 01:41:19,705 - MainProcess[MainThread]- BaseAggregator       - DEBUG   : Status update; current record queue size: 1373. current number of threads: 5.
2020-04-23 01:41:24,861 - MainProcess[MainThread]- BaseAggregator       - DEBUG   : Status update; current record queue size: 0. current number of threads: 5.
2020-04-23 01:41:29,884 - MainProcess[MainThread]- BaseAggregator       - DEBUG   : Status update; current record queue size: 7. current number of threads: 5.
2020-04-23 01:41:34,910 - MainProcess[MainThread]- BaseAggregator       - DEBUG   : Status update; current record queue size: 56. current number of threads: 5.
2020-04-23 01:41:40,155 - MainProcess[MainThread]- BaseAggregator       - DEBUG   : Status update; current record queue size: 156. current number of threads: 5.
2020-04-23 01:41:45,465 - MainProcess[MainThread]- BaseAggregator       - DEBUG   : Status update; current record queue size: 1061. current number of threads: 5.
2020-04-23 01:41:49,661 - MainProcess[MainThread]- browser_commands     - INFO    : BROWSER 1: visiting internal link https://www.nytimes.com/#site-index
2020-04-23 01:41:50,641 - MainProcess[MainThread]- BaseAggregator       - DEBUG   : Status update; current record queue size: 0. current number of threads: 5.
2020-04-23 01:41:55,733 - MainProcess[MainThread]- BaseAggregator       - DEBUG   : Status update; current record queue size: 109. current number of threads: 5.
2020-04-23 01:42:00,432 - MainProcess[MainThread]- browser_commands     - INFO    : BROWSER 1: visiting internal link https://www.nytimes.com/2020/04/22/opinion/coronavirus-race-death.html?action=click&module=Opinion&pgtype=Homepage
2020-04-23 01:42:01,489 - MainProcess[MainThread]- BaseAggregator       - DEBUG   : Status update; current record queue size: 149. current number of threads: 5.
2020-04-23 01:42:02,534 - MainProcess[MainThread]- TaskManager          - DEBUG   : Checking command failure status indicator...
2020-04-23 01:42:02,535 - MainProcess[Thread-8  ]- TaskManager          - WARNING : BROWSER 1: Browser will not reset after CommandSequence executes. OpenWPM does not currently support stateful crawls (see: https://github.com/mozilla/OpenWPM/projects/2). The next command issued to this browser may or may not use the same profile (depending on the failure status of this command). To prevent this warning, initialize the CommandSequence with `reset` set to `True` to use a fresh profile for each command.
2020-04-23 01:42:02,537 - MainProcess[MainThread]- BrowserManager       - INFO    : BROWSER 1: EXECUTING COMMAND: ('BROWSE', 'https://www.webmd.com', 4, 20, 2)
2020-04-23 01:42:02,881 - MainProcess[Thread-1  ]- FirefoxExtension     - DEBUG   : Visit Id: 2
2020-04-23 01:42:06,603 - MainProcess[MainThread]- BaseAggregator       - DEBUG   : Status update; current record queue size: 110. current number of threads: 5.
2020-04-23 01:42:11,917 - MainProcess[MainThread]- BaseAggregator       - DEBUG   : Status update; current record queue size: 121. current number of threads: 5.
2020-04-23 01:42:17,073 - MainProcess[MainThread]- BaseAggregator       - DEBUG   : Status update; current record queue size: 176. current number of threads: 5.
2020-04-23 01:42:22,405 - MainProcess[MainThread]- BaseAggregator       - DEBUG   : Status update; current record queue size: 104. current number of threads: 5.
2020-04-23 01:42:27,457 - MainProcess[MainThread]- BaseAggregator       - DEBUG   : Status update; current record queue size: 41. current number of threads: 5.
2020-04-23 01:42:32,488 - MainProcess[MainThread]- BaseAggregator       - DEBUG   : Status update; current record queue size: 37. current number of threads: 5.
2020-04-23 01:42:37,520 - MainProcess[MainThread]- BaseAggregator       - DEBUG   : Status update; current record queue size: 22. current number of threads: 5.
2020-04-23 01:42:42,548 - MainProcess[MainThread]- BaseAggregator       - DEBUG   : Status update; current record queue size: 38. current number of threads: 5.
2020-04-23 01:42:45,741 - MainProcess[MainThread]- browser_commands     - INFO    : BROWSER 1: visiting internal link https://www.webmd.com/about-webmd-policies/about-privacy-policy
2020-04-23 01:42:47,626 - MainProcess[MainThread]- BaseAggregator       - DEBUG   : Status update; current record queue size: 124. current number of threads: 5.
2020-04-23 01:42:53,007 - MainProcess[MainThread]- BaseAggregator       - DEBUG   : Status update; current record queue size: 245. current number of threads: 5.
2020-04-23 01:42:58,080 - MainProcess[MainThread]- BaseAggregator       - DEBUG   : Status update; current record queue size: 26. current number of threads: 5.
2020-04-23 01:43:03,110 - MainProcess[MainThread]- BaseAggregator       - DEBUG   : Status update; current record queue size: 38. current number of threads: 5.
2020-04-23 01:43:08,140 - MainProcess[MainThread]- BaseAggregator       - DEBUG   : Status update; current record queue size: 34. current number of threads: 5.
2020-04-23 01:43:13,172 - MainProcess[MainThread]- BaseAggregator       - DEBUG   : Status update; current record queue size: 16. current number of threads: 5.
2020-04-23 01:43:16,119 - MainProcess[MainThread]- browser_commands     - INFO    : BROWSER 1: visiting internal link https://www.webmd.com/lung/coronavirus-testing
2020-04-23 01:43:18,206 - MainProcess[MainThread]- BaseAggregator       - DEBUG   : Status update; current record queue size: 35. current number of threads: 5.
2020-04-23 01:43:23,260 - MainProcess[MainThread]- BaseAggregator       - DEBUG   : Status update; current record queue size: 15. current number of threads: 5.
2020-04-23 01:43:26,462 - MainProcess[MainThread]- browser_commands     - INFO    : BROWSER 1: visiting internal link https://www.webmd.com/mental-health/default.htm
2020-04-23 01:43:28,300 - MainProcess[MainThread]- BaseAggregator       - DEBUG   : Status update; current record queue size: 18. current number of threads: 5.
2020-04-23 01:43:33,390 - MainProcess[MainThread]- BaseAggregator       - DEBUG   : Status update; current record queue size: 151. current number of threads: 5.
2020-04-23 01:43:38,800 - MainProcess[MainThread]- BaseAggregator       - DEBUG   : Status update; current record queue size: 272. current number of threads: 5.
2020-04-23 01:43:43,985 - MainProcess[MainThread]- BaseAggregator       - DEBUG   : Status update; current record queue size: 164. current number of threads: 5.
2020-04-23 01:43:49,118 - MainProcess[MainThread]- BaseAggregator       - DEBUG   : Status update; current record queue size: 348. current number of threads: 5.
2020-04-23 01:43:54,219 - MainProcess[MainThread]- BaseAggregator       - DEBUG   : Status update; current record queue size: 28. current number of threads: 5.
2020-04-23 01:43:59,254 - MainProcess[MainThread]- BaseAggregator       - DEBUG   : Status update; current record queue size: 32. current number of threads: 5.
2020-04-23 01:44:02,636 - MainProcess[Thread-8  ]- TaskManager          - INFO    : BROWSER 1: Timeout while executing command, BROWSE, killing browser manager
2020-04-23 01:44:02,637 - MainProcess[Thread-8  ]- TaskManager          - DEBUG   : BROWSER 1: Browser restart required
2020-04-23 01:44:04,283 - MainProcess[MainThread]- BaseAggregator       - DEBUG   : Status update; current record queue size: 30. current number of threads: 5.
2020-04-23 01:44:04,640 - MainProcess[Thread-8  ]- BrowserManager       - INFO    : BROWSER 1: BrowserManager restart initiated. Clear profile? False
2020-04-23 01:44:04,640 - MainProcess[Thread-8  ]- BrowserManager       - DEBUG   : BROWSER 1: Closing browser...
2020-04-23 01:44:09,313 - MainProcess[MainThread]- BaseAggregator       - DEBUG   : Status update; current record queue size: 29. current number of threads: 5.
2020-04-23 01:44:14,441 - MainProcess[MainThread]- BaseAggregator       - DEBUG   : Status update; current record queue size: 133. current number of threads: 5.
2020-04-23 01:44:19,561 - MainProcess[MainThread]- BaseAggregator       - DEBUG   : Status update; current record queue size: 310. current number of threads: 5.
2020-04-23 01:44:24,940 - MainProcess[MainThread]- BaseAggregator       - DEBUG   : Status update; current record queue size: 107. current number of threads: 5.
2020-04-23 01:44:30,062 - MainProcess[MainThread]- BaseAggregator       - DEBUG   : Status update; current record queue size: 24. current number of threads: 5.
2020-04-23 01:44:34,669 - MainProcess[Thread-8  ]- BrowserManager       - DEBUG   : BROWSER 1: Status queue timeout while closing browser.
2020-04-23 01:44:34,669 - MainProcess[Thread-8  ]- BrowserManager       - DEBUG   : BROWSER 1: Attempting to kill BrowserManager with pid 23098. Browser PID: 23103
2020-04-23 01:44:34,679 - MainProcess[Thread-8  ]- BrowserManager       - DEBUG   : BROWSER 1: Geckodriver process already killed.
2020-04-23 01:44:34,679 - MainProcess[Thread-8  ]- BrowserManager       - INFO    : BROWSER 1: Launching browser...
2020-04-23 01:44:34,680 - MainProcess[Thread-8  ]- BrowserManager       - DEBUG   : BROWSER 1: Spawn attempt 0 
2020-04-23 01:44:34,709 - MainProcess[Thread-8  ]- deploy_firefox       - DEBUG   : BROWSER 1: Saved extension config file to: /tmp/tmp4escf1k6/browser_params.json
2020-04-23 01:44:35,093 - MainProcess[MainThread]- BaseAggregator       - DEBUG   : Status update; current record queue size: 14. current number of threads: 4.
2020-04-23 01:44:35,765 - MainProcess[log-interceptor-1]- selenium_firefox     - DEBUG   : BROWSER 1: driver: 1587606275765	mozrunner::runner	INFO	Running command: "/home/ubuntu/OpenWPM/firefox-bin/firefox-bin" "-marionette" "-headless" "--width=1366" "--height=768" "-foreground" "-no-remote" "-profile" "/tmp/rust_mozprofileW4qWV3"
2020-04-23 01:44:35,798 - MainProcess[log-interceptor-1]- selenium_firefox     - DEBUG   : BROWSER 1: driver: *** You are running in headless mode.
2020-04-23 01:44:36,143 - MainProcess[log-interceptor-1]- selenium_firefox     - DEBUG   : BROWSER 1: driver: 1587606276143	addons.webextension.doh-rollout@mozilla.org	WARN	Loading extension 'doh-rollout@mozilla.org': Reading manifest: Invalid extension permission: networkStatus
2020-04-23 01:44:36,174 - MainProcess[log-interceptor-1]- selenium_firefox     - DEBUG   : BROWSER 1: driver: 1587606276174	addons.webextension.screenshots@mozilla.org	WARN	Loading extension 'screenshots@mozilla.org': Reading manifest: Invalid extension permission: mozillaAddons
2020-04-23 01:44:36,175 - MainProcess[log-interceptor-1]- selenium_firefox     - DEBUG   : BROWSER 1: driver: 1587606276174	addons.webextension.screenshots@mozilla.org	WARN	Loading extension 'screenshots@mozilla.org': Reading manifest: Invalid extension permission: telemetry
2020-04-23 01:44:36,175 - MainProcess[log-interceptor-1]- selenium_firefox     - DEBUG   : BROWSER 1: driver: 1587606276174	addons.webextension.screenshots@mozilla.org	WARN	Loading extension 'screenshots@mozilla.org': Reading manifest: Invalid extension permission: resource://pdf.js/
2020-04-23 01:44:36,175 - MainProcess[log-interceptor-1]- selenium_firefox     - DEBUG   : BROWSER 1: driver: 1587606276175	addons.webextension.screenshots@mozilla.org	WARN	Loading extension 'screenshots@mozilla.org': Reading manifest: Invalid extension permission: about:reader*
2020-04-23 01:44:37,542 - MainProcess[log-interceptor-1]- selenium_firefox     - DEBUG   : BROWSER 1: driver: 1587606277542	Marionette	INFO	Listening on port 34063
2020-04-23 01:44:37,603 - MainProcess[log-interceptor-1]- selenium_firefox     - DEBUG   : BROWSER 1: driver: 1587606277603	Marionette	WARN	TLS certificate errors will be ignored for this session
2020-04-23 01:44:37,920 - MainProcess[Thread-8  ]- deploy_firefox       - DEBUG   : BROWSER 1: OpenWPM Firefox extension loaded
2020-04-23 01:44:37,958 - MainProcess[Thread-8  ]- BrowserManager       - DEBUG   : BROWSER 1: Looking for extension port information in /tmp/rust_mozprofileW4qWV3/
2020-04-23 01:44:37,968 - MainProcess[Thread-1  ]- FirefoxExtension     - DEBUG   : Navigation instrumentation enabled
2020-04-23 01:44:37,969 - MainProcess[Thread-1  ]- FirefoxExtension     - DEBUG   : Cookie instrumentation enabled
2020-04-23 01:44:37,970 - MainProcess[Thread-1  ]- FirefoxExtension     - DEBUG   : Javascript instrumentation enabled
2020-04-23 01:44:37,980 - MainProcess[log-interceptor-1]- selenium_firefox     - DEBUG   : BROWSER 1: driver: console.log: WebExtensions: Wrote to /tmp/rust_mozprofileW4qWV3/extension_port.txt
2020-04-23 01:44:38,035 - MainProcess[Thread-1  ]- FirefoxExtension     - DEBUG   : HTTP Instrumentation enabled
2020-04-23 01:44:38,055 - MainProcess[Thread-1  ]- FirefoxExtension     - DEBUG   : Callstack Instrumentation enabled
2020-04-23 01:44:38,059 - MainProcess[Thread-8  ]- BrowserManager       - DEBUG   : BROWSER 1: Connecting to extension on port 36317
2020-04-23 01:44:38,059 - MainProcess[Thread-8  ]- BrowserManager       - DEBUG   : BROWSER 1: BrowserManager ready.
2020-04-23 01:44:38,060 - MainProcess[Thread-8  ]- BrowserManager       - DEBUG   : BROWSER 1: Browser spawn sucessful!
2020-04-23 01:44:38,120 - MainProcess[MainThread]- TaskManager          - DEBUG   : Checking command failure status indicator...
2020-04-23 01:44:38,121 - MainProcess[Thread-10 ]- TaskManager          - WARNING : BROWSER 1: Browser will not reset after CommandSequence executes. OpenWPM does not currently support stateful crawls (see: https://github.com/mozilla/OpenWPM/projects/2). The next command issued to this browser may or may not use the same profile (depending on the failure status of this command). To prevent this warning, initialize the CommandSequence with `reset` set to `True` to use a fresh profile for each command.
2020-04-23 01:44:38,122 - MainProcess[MainThread]- BrowserManager       - DEBUG   : BROWSER 1: Closing browser manager...
2020-04-23 01:44:38,123 - MainProcess[MainThread]- BrowserManager       - DEBUG   : BROWSER 1: Closing browser...
2020-04-23 01:44:38,123 - MainProcess[MainThread]- BrowserManager       - DEBUG   : BROWSER 1: Joining command thread
2020-04-23 01:44:38,125 - MainProcess[Thread-8  ]- BrowserManager       - INFO    : BROWSER 1: EXECUTING COMMAND: ('BROWSE', 'https://www.berkeley.edu', 4, 20, 3)
2020-04-23 01:44:38,203 - MainProcess[Thread-1  ]- FirefoxExtension     - DEBUG   : Visit Id: 3
2020-04-23 01:44:40,125 - MainProcess[MainThread]- BaseAggregator       - DEBUG   : Status update; current record queue size: 177. current number of threads: 5.
2020-04-23 01:44:40,214 - MainProcess[log-interceptor-1]- selenium_firefox     - DEBUG   : BROWSER 1: driver: JavaScript error: https://www.berkeley.edu/cache/0789bc6c2e1d1377d053befa129dabd76cc3b247.0000000000.js, line 27: TypeError: options is undefined
2020-04-23 01:44:45,167 - MainProcess[MainThread]- BaseAggregator       - DEBUG   : Status update; current record queue size: 0. current number of threads: 5.
2020-04-23 01:44:50,173 - MainProcess[MainThread]- BaseAggregator       - DEBUG   : Status update; current record queue size: 0. current number of threads: 5.
2020-04-23 01:44:55,181 - MainProcess[MainThread]- BaseAggregator       - DEBUG   : Status update; current record queue size: 0. current number of threads: 5.
2020-04-23 01:45:00,187 - MainProcess[MainThread]- BaseAggregator       - DEBUG   : Status update; current record queue size: 0. current number of threads: 5.
2020-04-23 01:45:02,936 - MainProcess[Thread-8  ]- browser_commands     - INFO    : BROWSER 1: visiting internal link https://matrix.berkeley.edu/COVID-19
2020-04-23 01:45:05,285 - MainProcess[MainThread]- BaseAggregator       - DEBUG   : Status update; current record queue size: 41. current number of threads: 5.
2020-04-23 01:45:10,336 - MainProcess[MainThread]- BaseAggregator       - DEBUG   : Status update; current record queue size: 2. current number of threads: 5.
2020-04-23 01:45:15,359 - MainProcess[MainThread]- BaseAggregator       - DEBUG   : Status update; current record queue size: 29. current number of threads: 5.
2020-04-23 01:45:20,389 - MainProcess[MainThread]- BaseAggregator       - DEBUG   : Status update; current record queue size: 0. current number of threads: 5.
2020-04-23 01:45:25,414 - MainProcess[MainThread]- BaseAggregator       - DEBUG   : Status update; current record queue size: 0. current number of threads: 5.
2020-04-23 01:45:26,391 - MainProcess[log-interceptor-1]- selenium_firefox     - DEBUG   : BROWSER 1: driver: JavaScript error: https://www.berkeley.edu/cache/0789bc6c2e1d1377d053befa129dabd76cc3b247.0000000000.js, line 27: TypeError: options is undefined
2020-04-23 01:45:28,640 - MainProcess[Thread-8  ]- browser_commands     - INFO    : BROWSER 1: visiting internal link http://give.berkeley.edu/?sc=121071
2020-04-23 01:45:29,981 - MainProcess[log-interceptor-1]- selenium_firefox     - DEBUG   : BROWSER 1: driver: JavaScript error: resource://gre/modules/WebRequestContent.js, line 143: TypeError: window is null
2020-04-23 01:45:30,473 - MainProcess[MainThread]- BaseAggregator       - DEBUG   : Status update; current record queue size: 152. current number of threads: 5.
2020-04-23 01:45:35,509 - MainProcess[MainThread]- BaseAggregator       - DEBUG   : Status update; current record queue size: 0. current number of threads: 5.
2020-04-23 01:45:40,516 - MainProcess[MainThread]- BaseAggregator       - DEBUG   : Status update; current record queue size: 0. current number of threads: 5.
2020-04-23 01:45:45,523 - MainProcess[MainThread]- BaseAggregator       - DEBUG   : Status update; current record queue size: 0. current number of threads: 5.
2020-04-23 01:45:50,529 - MainProcess[MainThread]- BaseAggregator       - DEBUG   : Status update; current record queue size: 27. current number of threads: 5.
2020-04-23 01:45:50,833 - MainProcess[log-interceptor-1]- selenium_firefox     - DEBUG   : BROWSER 1: driver: JavaScript error: https://www.berkeley.edu/cache/0789bc6c2e1d1377d053befa129dabd76cc3b247.0000000000.js, line 27: TypeError: options is undefined
2020-04-23 01:45:52,980 - MainProcess[Thread-8  ]- browser_commands     - INFO    : BROWSER 1: visiting internal link https://news.berkeley.edu/
2020-04-23 01:45:55,603 - MainProcess[MainThread]- BaseAggregator       - DEBUG   : Status update; current record queue size: 0. current number of threads: 5.
2020-04-23 01:46:00,610 - MainProcess[MainThread]- BaseAggregator       - DEBUG   : Status update; current record queue size: 0. current number of threads: 5.
2020-04-23 01:46:05,617 - MainProcess[MainThread]- BaseAggregator       - DEBUG   : Status update; current record queue size: 0. current number of threads: 5.
2020-04-23 01:46:10,637 - MainProcess[MainThread]- BaseAggregator       - DEBUG   : Status update; current record queue size: 0. current number of threads: 5.
2020-04-23 01:46:14,899 - MainProcess[log-interceptor-1]- selenium_firefox     - DEBUG   : BROWSER 1: driver: JavaScript error: https://www.berkeley.edu/cache/0789bc6c2e1d1377d053befa129dabd76cc3b247.0000000000.js, line 27: TypeError: options is undefined
2020-04-23 01:46:15,661 - MainProcess[MainThread]- BaseAggregator       - DEBUG   : Status update; current record queue size: 69. current number of threads: 5.
2020-04-23 01:46:17,077 - MainProcess[Thread-8  ]- browser_commands     - INFO    : BROWSER 1: visiting internal link https://bconnected.berkeley.edu/
2020-04-23 01:46:18,029 - MainProcess[log-interceptor-1]- selenium_firefox     - DEBUG   : BROWSER 1: driver: JavaScript warning: https://bconnected.berkeley.edu/sites/default/files/js/js_EebRuRXFlkaf356V0T2K_8cnUVfCKesNTxdvvPSEhCM.js, line 2: Using //@ to indicate sourceMappingURL pragmas is deprecated. Use //# instead
2020-04-23 01:46:20,733 - MainProcess[MainThread]- BaseAggregator       - DEBUG   : Status update; current record queue size: 0. current number of threads: 5.
2020-04-23 01:46:25,740 - MainProcess[MainThread]- BaseAggregator       - DEBUG   : Status update; current record queue size: 0. current number of threads: 5.
2020-04-23 01:46:30,747 - MainProcess[MainThread]- BaseAggregator       - DEBUG   : Status update; current record queue size: 0. current number of threads: 5.
2020-04-23 01:46:35,754 - MainProcess[MainThread]- BaseAggregator       - DEBUG   : Status update; current record queue size: 0. current number of threads: 5.
2020-04-23 01:46:38,150 - MainProcess[Thread-10 ]- TaskManager          - INFO    : BROWSER 1: Timeout while executing command, BROWSE, killing browser manager
2020-04-23 01:46:38,151 - MainProcess[Thread-10 ]- TaskManager          - DEBUG   : BROWSER 1: Browser restart required
2020-04-23 01:46:39,091 - MainProcess[log-interceptor-1]- selenium_firefox     - DEBUG   : BROWSER 1: driver: JavaScript error: https://www.berkeley.edu/cache/0789bc6c2e1d1377d053befa129dabd76cc3b247.0000000000.js, line 27: TypeError: options is undefined
2020-04-23 01:46:40,152 - MainProcess[MainThread]- BrowserManager       - DEBUG   : BROWSER 1: 122.027899 seconds to join command thread
2020-04-23 01:46:40,156 - MainProcess[log-interceptor-1]- selenium_firefox     - DEBUG   : BROWSER 1: driver: 1587606400156	Marionette	INFO	Stopped listening on port 34063
2020-04-23 01:46:40,258 - MainProcess[log-interceptor-1]- selenium_firefox     - DEBUG   : BROWSER 1: driver: console.error: WebExtensions:
2020-04-23 01:46:40,259 - MainProcess[log-interceptor-1]- selenium_firefox     - DEBUG   : BROWSER 1: driver: Message: [Exception... "Component returned failure code: 0x804b0010 (NS_ERROR_OFFLINE) [nsIInputStream.available]"  nsresult: "0x804b0010 (NS_ERROR_OFFLINE)"  location: "JS frame :: jar:file:///home/ubuntu/OpenWPM/automation/Extension/firefox/openwpm.xpi!/privileged/sockets/api.js :: onInputStreamReady :: line 51"  data: no]
2020-04-23 01:46:40,259 - MainProcess[log-interceptor-1]- selenium_firefox     - DEBUG   : BROWSER 1: driver: Stack:
2020-04-23 01:46:40,259 - MainProcess[log-interceptor-1]- selenium_firefox     - DEBUG   : BROWSER 1: driver: onInputStreamReady@jar:file:///home/ubuntu/OpenWPM/automation/Extension/firefox/openwpm.xpi!/privileged/sockets/api.js:51:33
2020-04-23 01:46:40,260 - MainProcess[log-interceptor-1]- selenium_firefox     - DEBUG   : BROWSER 1: driver: 
2020-04-23 01:46:40,793 - MainProcess[MainThread]- BaseAggregator       - DEBUG   : Status update; current record queue size: 0. current number of threads: 4.
2020-04-23 01:46:44,682 - MainProcess[MainThread]- BrowserManager       - DEBUG   : BROWSER 1: Browser manager closed successfully.
2020-04-23 01:46:44,683 - MainProcess[MainThread]- BaseAggregator       - DEBUG   : Sending the shutdown signal to the LocalAggregator listener process...
2020-04-23 01:46:44,818 - MainProcess[MainThread]- BaseAggregator       - INFO    : Received shutdown signal!
2020-04-23 01:46:47,831 - MainProcess[MainThread]- BaseAggregator       - DEBUG   : LocalAggregator took 3.1471269130706787 seconds to close.
